{
  "RSpec": {
    "coverage": {
      "/home/akise/mitrais/food_recipe_sharing_api/app/models/recipe.rb": {
        "lines": [
          1,
          1,
          1,
          null,
          1,
          null,
          1,
          1,
          null
        ]
      },
      "/home/akise/mitrais/food_recipe_sharing_api/app/models/application_record.rb": {
        "lines": [
          1,
          1,
          null
        ]
      },
      "/home/akise/mitrais/food_recipe_sharing_api/app/controllers/api/v1/authentication_controller.rb": {
        "lines": [
          1,
          1,
          null,
          1,
          1,
          1,
          null,
          null,
          1,
          3,
          3,
          null,
          null,
          null
        ]
      },
      "/home/akise/mitrais/food_recipe_sharing_api/app/controllers/api/application_controller.rb": {
        "lines": [
          1,
          1,
          1,
          1,
          1,
          1,
          null,
          1,
          null,
          1,
          0,
          null,
          null,
          null,
          1,
          null,
          1,
          11,
          11,
          null,
          0,
          null,
          11,
          null,
          null,
          null
        ]
      },
      "/home/akise/mitrais/food_recipe_sharing_api/app/command/services/authentication_handler.rb": {
        "lines": [
          1,
          1,
          1,
          null,
          null,
          null,
          1,
          null,
          1,
          1,
          null,
          1,
          1,
          null,
          1,
          13,
          1,
          1,
          1,
          1,
          null,
          0,
          null,
          1,
          0,
          0,
          0,
          0,
          null,
          1,
          null,
          0,
          null,
          null,
          null,
          1,
          3,
          null,
          3,
          0,
          null,
          3,
          null,
          null,
          3,
          2,
          2,
          null,
          2,
          null,
          null,
          null,
          null,
          2,
          null,
          1,
          null,
          null,
          null,
          null,
          null,
          null
        ]
      },
      "/home/akise/mitrais/food_recipe_sharing_api/app/command/abstract_api/email_validation.rb": {
        "lines": [
          1,
          1,
          1,
          1,
          1,
          null,
          1,
          1,
          null,
          1,
          1,
          null,
          1,
          null,
          null,
          1,
          1,
          1,
          null,
          null,
          null,
          null,
          null
        ]
      },
      "/home/akise/mitrais/food_recipe_sharing_api/app/models/user.rb": {
        "lines": [
          1,
          null
        ]
      },
      "/home/akise/mitrais/food_recipe_sharing_api/app/command/handler/res.rb": {
        "lines": [
          1,
          1,
          1,
          15,
          null,
          null,
          null,
          null,
          null,
          null,
          null,
          15,
          null,
          15,
          null,
          null,
          null
        ]
      },
      "/home/akise/mitrais/food_recipe_sharing_api/app/command/authenticate_user.rb": {
        "lines": [
          1,
          1,
          null,
          1,
          2,
          null,
          null,
          1,
          2,
          null,
          null,
          null,
          2,
          null,
          null,
          1,
          null,
          1,
          null,
          1,
          6,
          null,
          6,
          0,
          0,
          null,
          null,
          6,
          null,
          null,
          null
        ]
      },
      "/home/akise/mitrais/food_recipe_sharing_api/lib/json_web_token.rb": {
        "lines": [
          1,
          1,
          1,
          1,
          null,
          1,
          2,
          2,
          null,
          null,
          1,
          11,
          11,
          null,
          0,
          null,
          null,
          null,
          null,
          null,
          null,
          null,
          null,
          null,
          null,
          null,
          null,
          null,
          null,
          null,
          null,
          null,
          null,
          null,
          null,
          null,
          null
        ]
      },
      "/home/akise/mitrais/food_recipe_sharing_api/app/controllers/api/v1/recipe_controller.rb": {
        "lines": [
          1,
          1,
          null,
          null,
          null,
          null,
          null,
          null,
          1,
          1,
          1,
          null,
          null,
          1,
          1,
          1,
          null,
          null,
          3,
          null,
          2,
          1,
          1,
          1,
          1,
          null,
          null,
          null,
          1,
          1,
          1,
          null,
          null,
          1,
          2,
          2,
          null,
          null,
          4,
          null,
          3,
          2,
          1,
          1,
          1,
          null,
          null,
          null,
          1,
          0,
          0,
          null,
          null,
          1,
          null,
          1,
          5,
          null,
          null,
          null,
          null,
          null,
          null,
          1,
          6,
          1,
          1,
          null,
          null,
          null,
          null,
          null
        ]
      },
      "/home/akise/mitrais/food_recipe_sharing_api/app/command/authorize_api_request.rb": {
        "lines": [
          1,
          1,
          null,
          1,
          11,
          null,
          null,
          1,
          11,
          null,
          null,
          1,
          null,
          1,
          null,
          1,
          11,
          11,
          null,
          null,
          1,
          22,
          null,
          null,
          1,
          11,
          11,
          null,
          0,
          null,
          null,
          null,
          null
        ]
      },
      "/home/akise/mitrais/food_recipe_sharing_api/app/command/services/recipe_handler.rb": {
        "lines": [
          1,
          1,
          1,
          1,
          1,
          null,
          null,
          1,
          1,
          1,
          null,
          null,
          1,
          1,
          null,
          1,
          1,
          null,
          null,
          null,
          null,
          null,
          1,
          1,
          null,
          1,
          null,
          1,
          null,
          null,
          1,
          null,
          null,
          null,
          null,
          1,
          1,
          null,
          0,
          null,
          null,
          null,
          3,
          null,
          2,
          null,
          1,
          1,
          null,
          null,
          null,
          0,
          null,
          1,
          1,
          null,
          null,
          null,
          3,
          null,
          2,
          null,
          1,
          1,
          null,
          null,
          null,
          0,
          null,
          1,
          1,
          null,
          null,
          null,
          1,
          null,
          0,
          null,
          0,
          0,
          null,
          null,
          null,
          0,
          null,
          0,
          0,
          null,
          null,
          null,
          null,
          null,
          null
        ]
      },
      "/home/akise/mitrais/food_recipe_sharing_api/app/command/themealdb/search_by_name.rb": {
        "lines": [
          1,
          1,
          1,
          1,
          1,
          null,
          1,
          1,
          null,
          1,
          1,
          null,
          1,
          null,
          1,
          1,
          1,
          1,
          1,
          1,
          1,
          1,
          1,
          null,
          1,
          20,
          9,
          null,
          null,
          null,
          9,
          null,
          null,
          null,
          1,
          1,
          6,
          null,
          null,
          null,
          null,
          null,
          null,
          1,
          null,
          null,
          0,
          0,
          null,
          null,
          1,
          null,
          null,
          1,
          1,
          1,
          null,
          null,
          null,
          null,
          null
        ]
      },
      "/home/akise/mitrais/food_recipe_sharing_api/app/command/themealdb/generate_random_item.rb": {
        "lines": [
          1,
          1,
          1,
          1,
          1,
          null,
          1,
          1,
          null,
          1,
          1,
          null,
          1,
          null,
          1,
          1,
          1,
          1,
          1,
          1,
          1,
          1,
          1,
          null,
          1,
          20,
          20,
          null,
          null,
          null,
          20,
          null,
          null,
          null,
          1,
          1,
          12,
          null,
          null,
          null,
          null,
          null,
          null,
          1,
          null,
          null,
          0,
          0,
          null,
          null,
          1,
          null,
          null,
          1,
          1,
          1,
          null,
          null,
          null,
          null,
          null
        ]
      },
      "/home/akise/mitrais/food_recipe_sharing_api/app/models/ingredient.rb": {
        "lines": [
          1,
          null,
          null
        ]
      },
      "/home/akise/mitrais/food_recipe_sharing_api/app/models/instruction.rb": {
        "lines": [
          1,
          null,
          null
        ]
      }
    },
    "timestamp": 1635308002
  }
}
